::1 - - [02/Sep/2025 00:48:04] "GET /admin/products.html HTTP/1.1" 200 -
::1 - - [02/Sep/2025 00:48:04] "GET /assets/css/style.css HTTP/1.1" 200 -
::1 - - [02/Sep/2025 00:48:04] "GET /assets/js/auth.js HTTP/1.1" 200 -
::1 - - [02/Sep/2025 00:48:04] "GET /assets/img/logo.gif HTTP/1.1" 200 -
::1 - - [02/Sep/2025 00:48:04] "GET /assets/js/admin.js HTTP/1.1" 200 -
::1 - - [02/Sep/2025 00:48:04] "GET /admin/login.html HTTP/1.1" 200 -
::1 - - [02/Sep/2025 00:48:04] code 404, message File not found
::1 - - [02/Sep/2025 00:48:04] "GET /favicon.ico HTTP/1.1" 404 -
::1 - - [02/Sep/2025 01:15:58] "GET /admin/login.html HTTP/1.1" 200 -
::1 - - [02/Sep/2025 01:15:58] "GET /assets/css/style.css HTTP/1.1" 200 -
::1 - - [02/Sep/2025 01:15:58] "GET /assets/img/logo.gif HTTP/1.1" 200 -
::1 - - [02/Sep/2025 01:15:58] "GET /assets/js/auth.js HTTP/1.1" 200 -
::1 - - [02/Sep/2025 01:15:58] code 404, message File not found
::1 - - [02/Sep/2025 01:15:58] code 404, message File not found
::1 - - [02/Sep/2025 01:15:58] "GET /favicon.ico HTTP/1.1" 404 -
::1 - - [02/Sep/2025 01:15:58] "GET /apple-touch-icon-precomposed.png HTTP/1.1" 404 -
::1 - - [02/Sep/2025 01:15:59] code 404, message File not found
::1 - - [02/Sep/2025 01:15:59] "GET /apple-touch-icon.png HTTP/1.1" 404 -
::1 - - [02/Sep/2025 01:16:07] "GET /admin/index.html HTTP/1.1" 200 -
::1 - - [02/Sep/2025 01:16:07] "GET /assets/js/admin.js HTTP/1.1" 200 -
::1 - - [02/Sep/2025 01:16:12] "GET /admin/products.html HTTP/1.1" 200 -
::1 - - [02/Sep/2025 02:56:45] "GET /admin/products.html HTTP/1.1" 200 -
::1 - - [02/Sep/2025 02:56:45] "GET /assets/css/style.css HTTP/1.1" 304 -
::1 - - [02/Sep/2025 02:56:45] "GET /assets/js/admin.js HTTP/1.1" 304 -
